Using pre-set license
Built from '2021.3/staging' branch; Version is '2021.3.16f1 (4016570cf34f) revision 4200023'; Using compiler version '192829333'; Build Type 'Release'
OS: 'Windows 11  (10.0.22621) 64bit Core' Language: 'en' Physical Memory: 16005 MB
BatchMode: 1, IsHumanControllingUs: 0, StartBugReporterOnCrash: 0, Is64bit: 1, IsPro: 1

COMMAND LINE ARGUMENTS:
C:\Program Files\Unity\Hub\Editor\2021.3.16f1\Editor\Unity.exe
-adb2
-batchMode
-noUpm
-name
AssetImportWorker1
-projectPath
C:/Users/tomas/OneDrive/Desktop/Unity/Proyects/4_RailsShooter/RailsShooter
-logFile
Logs/AssetImportWorker1.log
-srvPort
59618
Successfully changed project path to: C:/Users/tomas/OneDrive/Desktop/Unity/Proyects/4_RailsShooter/RailsShooter
C:/Users/tomas/OneDrive/Desktop/Unity/Proyects/4_RailsShooter/RailsShooter
[UnityMemory] Configuration Parameters - Can be set up in boot.config
    "memorysetup-bucket-allocator-granularity=16"
    "memorysetup-bucket-allocator-bucket-count=8"
    "memorysetup-bucket-allocator-block-size=33554432"
    "memorysetup-bucket-allocator-block-count=8"
    "memorysetup-main-allocator-block-size=16777216"
    "memorysetup-thread-allocator-block-size=16777216"
    "memorysetup-gfx-main-allocator-block-size=16777216"
    "memorysetup-gfx-thread-allocator-block-size=16777216"
    "memorysetup-cache-allocator-block-size=4194304"
    "memorysetup-typetree-allocator-block-size=2097152"
    "memorysetup-profiler-bucket-allocator-granularity=16"
    "memorysetup-profiler-bucket-allocator-bucket-count=8"
    "memorysetup-profiler-bucket-allocator-block-size=33554432"
    "memorysetup-profiler-bucket-allocator-block-count=8"
    "memorysetup-profiler-allocator-block-size=16777216"
    "memorysetup-profiler-editor-allocator-block-size=1048576"
    "memorysetup-temp-allocator-size-main=16777216"
    "memorysetup-job-temp-allocator-block-size=2097152"
    "memorysetup-job-temp-allocator-block-size-background=1048576"
    "memorysetup-job-temp-allocator-reduction-small-platforms=262144"
    "memorysetup-temp-allocator-size-background-worker=32768"
    "memorysetup-temp-allocator-size-job-worker=262144"
    "memorysetup-temp-allocator-size-preload-manager=33554432"
    "memorysetup-temp-allocator-size-nav-mesh-worker=65536"
    "memorysetup-temp-allocator-size-audio-worker=65536"
    "memorysetup-temp-allocator-size-cloud-worker=32768"
    "memorysetup-temp-allocator-size-gi-baking-worker=262144"
    "memorysetup-temp-allocator-size-gfx=262144"
Player connection [21320] Host "[IP] 192.168.100.38 [Port] 0 [Flags] 2 [Guid] 1820634981 [EditorId] 1820634981 [Version] 1048832 [Id] WindowsEditor(7,Hermeus) [Debug] 1 [PackageName] WindowsEditor [ProjectName] Editor" joined multi-casting on [225.0.0.222:54997]...

Player connection [21320] Host "[IP] 192.168.100.38 [Port] 0 [Flags] 2 [Guid] 1820634981 [EditorId] 1820634981 [Version] 1048832 [Id] WindowsEditor(7,Hermeus) [Debug] 1 [PackageName] WindowsEditor [ProjectName] Editor" joined alternative multi-casting on [225.0.0.222:34997]...

Refreshing native plugins compatible for Editor in 93.25 ms, found 3 plugins.
Preloading 0 native plugins for Editor in 0.00 ms.
Initialize engine version: 2021.3.16f1 (4016570cf34f)
[Subsystems] Discovering subsystems at path C:/Program Files/Unity/Hub/Editor/2021.3.16f1/Editor/Data/Resources/UnitySubsystems
[Subsystems] Discovering subsystems at path C:/Users/tomas/OneDrive/Desktop/Unity/Proyects/4_RailsShooter/RailsShooter/Assets
GfxDevice: creating device client; threaded=0; jobified=0
Direct3D:
    Version:  Direct3D 11.0 [level 11.1]
    Renderer: NVIDIA GeForce RTX 3060 Laptop GPU (ID=0x2520)
    Vendor:   NVIDIA
    VRAM:     6023 MB
    Driver:   30.0.15.1278
Initialize mono
Mono path[0] = 'C:/Program Files/Unity/Hub/Editor/2021.3.16f1/Editor/Data/Managed'
Mono path[1] = 'C:/Program Files/Unity/Hub/Editor/2021.3.16f1/Editor/Data/MonoBleedingEdge/lib/mono/unityjit-win32'
Mono config path = 'C:/Program Files/Unity/Hub/Editor/2021.3.16f1/Editor/Data/MonoBleedingEdge/etc'
Using monoOptions --debugger-agent=transport=dt_socket,embedding=1,server=y,suspend=n,address=127.0.0.1:56020
Begin MonoManager ReloadAssembly
Registering precompiled unity dll's ...
Register platform support module: C:/Program Files/Unity/Hub/Editor/2021.3.16f1/Editor/Data/PlaybackEngines/WebGLSupport/UnityEditor.WebGL.Extensions.dll
Register platform support module: C:/Program Files/Unity/Hub/Editor/2021.3.16f1/Editor/Data/PlaybackEngines/WindowsStandaloneSupport/UnityEditor.WindowsStandalone.Extensions.dll
Registered in 0.004885 seconds.
Native extension for WindowsStandalone target not found
Native extension for WebGL target not found
Refreshing native plugins compatible for Editor in 84.18 ms, found 3 plugins.
Preloading 0 native plugins for Editor in 0.00 ms.
Mono: successfully reloaded assembly
- Completed reload, in  0.767 seconds
Domain Reload Profiling:
	ReloadAssembly (768ms)
		BeginReloadAssembly (157ms)
			ExecutionOrderSort (0ms)
			DisableScriptedObjects (0ms)
			BackupInstance (0ms)
			ReleaseScriptingObjects (0ms)
			CreateAndSetChildDomain (1ms)
		EndReloadAssembly (495ms)
			LoadAssemblies (155ms)
			RebuildTransferFunctionScriptingTraits (0ms)
			SetupTypeCache (112ms)
			ReleaseScriptCaches (0ms)
			RebuildScriptCaches (33ms)
			SetupLoadedEditorAssemblies (280ms)
				LogAssemblyErrors (0ms)
				InitializePlatformSupportModulesInManaged (10ms)
				SetLoadedEditorAssemblies (0ms)
				RefreshPlugins (84ms)
				BeforeProcessingInitializeOnLoad (1ms)
				ProcessInitializeOnLoadAttributes (136ms)
				ProcessInitializeOnLoadMethodAttributes (49ms)
				AfterProcessingInitializeOnLoad (0ms)
				EditorAssembliesLoaded (0ms)
			ExecutionOrderSort2 (0ms)
			AwakeInstancesAfterBackupRestoration (0ms)
Platform modules already initialized, skipping
Registering precompiled user dll's ...
Registered in 0.005160 seconds.
Begin MonoManager ReloadAssembly
Symbol file LoadedFromMemory doesn't match image C:\Users\tomas\OneDrive\Desktop\Unity\Proyects\4_RailsShooter\RailsShooter\Library\PackageCache\com.unity.visualscripting@1.7.8\Editor\VisualScripting.Core\Dependencies\YamlDotNet\Unity.VisualScripting.YamlDotNet.dll
Symbol file LoadedFromMemory doesn't match image C:\Users\tomas\OneDrive\Desktop\Unity\Proyects\4_RailsShooter\RailsShooter\Library\PackageCache\com.unity.visualscripting@1.7.8\Editor\VisualScripting.Core\Dependencies\DotNetZip\Unity.VisualScripting.IonicZip.dll
Native extension for WindowsStandalone target not found
Native extension for WebGL target not found
Refreshing native plugins compatible for Editor in 0.60 ms, found 3 plugins.
Preloading 0 native plugins for Editor in 0.00 ms.
Mono: successfully reloaded assembly
- Completed reload, in  1.221 seconds
Domain Reload Profiling:
	ReloadAssembly (1222ms)
		BeginReloadAssembly (117ms)
			ExecutionOrderSort (0ms)
			DisableScriptedObjects (6ms)
			BackupInstance (0ms)
			ReleaseScriptingObjects (0ms)
			CreateAndSetChildDomain (19ms)
		EndReloadAssembly (963ms)
			LoadAssemblies (146ms)
			RebuildTransferFunctionScriptingTraits (0ms)
			SetupTypeCache (299ms)
			ReleaseScriptCaches (0ms)
			RebuildScriptCaches (56ms)
			SetupLoadedEditorAssemblies (410ms)
				LogAssemblyErrors (0ms)
				InitializePlatformSupportModulesInManaged (7ms)
				SetLoadedEditorAssemblies (1ms)
				RefreshPlugins (1ms)
				BeforeProcessingInitializeOnLoad (90ms)
				ProcessInitializeOnLoadAttributes (275ms)
				ProcessInitializeOnLoadMethodAttributes (29ms)
				AfterProcessingInitializeOnLoad (7ms)
				EditorAssembliesLoaded (0ms)
			ExecutionOrderSort2 (0ms)
			AwakeInstancesAfterBackupRestoration (8ms)
Platform modules already initialized, skipping
========================================================================
Worker process is ready to serve import requests
Launched and connected shader compiler UnityShaderCompiler.exe after 0.08 seconds
Refreshing native plugins compatible for Editor in 0.54 ms, found 3 plugins.
Preloading 0 native plugins for Editor in 0.00 ms.
Unloading 3496 Unused Serialized files (Serialized files now loaded: 0)
Unloading 36 unused Assets / (1.3 MB). Loaded Objects now: 3965.
Memory consumption went from 140.9 MB to 139.7 MB.
Total: 3.640500 ms (FindLiveObjects: 0.250500 ms CreateObjectMapping: 0.118300 ms MarkObjects: 3.076700 ms  DeleteObjects: 0.193900 ms)

AssetImportParameters requested are different than current active one (requested -> active):
  custom:video-decoder-ogg-theora: a1e56fd34408186e4bbccfd4996cb3dc -> 
  custom:container-muxer-webm: aa71ff27fc2769a1b78a27578f13a17b -> 
  custom:container-demuxer-webm: 4f35f7cbe854078d1ac9338744f61a02 -> 
  custom:video-encoder-webm-vp8: eb34c28f22e8b96e1ab97ce403110664 -> 
  custom:video-codec-MediaFoundation-h265: 746d11721c4dcdbdad8f713fa42b33f4 -> 
  custom:audio-encoder-webm-vorbis: bf7c407c2cedff20999df2af8eb42d56 -> 
  custom:framework-win-MediaFoundation: 216162199b28c13a410421893ffa2e32 -> 
  custom:container-demuxer-ogg: 62fdf1f143b41e24485cea50d1cbac27 -> 
  custom:video-decoder-webm-vp8: 9c59270c3fd7afecdb556c50c9e8de78 -> 
  custom:audio-decoder-ogg-vorbis: bf7c407c2cedff20999df2af8eb42d56 -> 
========================================================================
Received Import Request.
  Time since last request: 66475.045883 seconds.
  path: Assets/Terrain/Structures/Extended/LS 3.prefab
  artifactKey: Guid(eaaa31bc0db61bf448d8bbdf1a216cc3) Importer(815301076,1909f56bfc062723c751e8b465ee728b)
Start importing Assets/Terrain/Structures/Extended/LS 3.prefab using Guid(eaaa31bc0db61bf448d8bbdf1a216cc3) Importer(815301076,1909f56bfc062723c751e8b465ee728b)  -> (artifact id: '3da774db73ada5051f3db977c025ac2b') in 0.483105 seconds 
========================================================================
Received Import Request.
  Time since last request: 0.000034 seconds.
  path: Assets/Terrain/Structures/Extended/Low LS.prefab
  artifactKey: Guid(876a8c00ec11e404e9155f3b7674e030) Importer(815301076,1909f56bfc062723c751e8b465ee728b)
Start importing Assets/Terrain/Structures/Extended/Low LS.prefab using Guid(876a8c00ec11e404e9155f3b7674e030) Importer(815301076,1909f56bfc062723c751e8b465ee728b)  -> (artifact id: 'c20578a7d32e527a2537a56d1a7b2253') in 2.385056 seconds 
========================================================================
Received Import Request.
  Time since last request: 159.338107 seconds.
  path: Assets/Terrain/Structures/Extended/Low LS.prefab
  artifactKey: Guid(876a8c00ec11e404e9155f3b7674e030) Importer(815301076,1909f56bfc062723c751e8b465ee728b)
Start importing Assets/Terrain/Structures/Extended/Low LS.prefab using Guid(876a8c00ec11e404e9155f3b7674e030) Importer(815301076,1909f56bfc062723c751e8b465ee728b)  -> (artifact id: '5953c4aee1252095bf3940a187b3ccbc') in 2.328094 seconds 
========================================================================
Received Import Request.
  Time since last request: 0.000040 seconds.
  path: Assets/Terrain/Structures/Extended/LS 4.prefab
  artifactKey: Guid(625fd1007752d76498008e8d618ebf81) Importer(815301076,1909f56bfc062723c751e8b465ee728b)
Start importing Assets/Terrain/Structures/Extended/LS 4.prefab using Guid(625fd1007752d76498008e8d618ebf81) Importer(815301076,1909f56bfc062723c751e8b465ee728b)  -> (artifact id: '8057c0ee856d4086d34d15370840e531') in 0.650019 seconds 
========================================================================
Received Import Request.
  Time since last request: 39.558619 seconds.
  path: Assets/Terrain/Structures/Extended/Low LS.prefab
  artifactKey: Guid(876a8c00ec11e404e9155f3b7674e030) Importer(815301076,1909f56bfc062723c751e8b465ee728b)
Start importing Assets/Terrain/Structures/Extended/Low LS.prefab using Guid(876a8c00ec11e404e9155f3b7674e030) Importer(815301076,1909f56bfc062723c751e8b465ee728b)  -> (artifact id: '0d876904367fac9843befabe7122d96e') in 2.521629 seconds 
========================================================================
Received Import Request.
  Time since last request: 31.605605 seconds.
  path: Assets/Terrain/Structures/Extended/Low LS.prefab
  artifactKey: Guid(876a8c00ec11e404e9155f3b7674e030) Importer(815301076,1909f56bfc062723c751e8b465ee728b)
Start importing Assets/Terrain/Structures/Extended/Low LS.prefab using Guid(876a8c00ec11e404e9155f3b7674e030) Importer(815301076,1909f56bfc062723c751e8b465ee728b)  -> (artifact id: '603c3122288f113359783be8baa9fd61') in 2.275864 seconds 
========================================================================
Received Import Request.
  Time since last request: 31.913862 seconds.
  path: Assets/Terrain/Structures/Extended/Low LS.prefab
  artifactKey: Guid(876a8c00ec11e404e9155f3b7674e030) Importer(815301076,1909f56bfc062723c751e8b465ee728b)
Start importing Assets/Terrain/Structures/Extended/Low LS.prefab using Guid(876a8c00ec11e404e9155f3b7674e030) Importer(815301076,1909f56bfc062723c751e8b465ee728b)  -> (artifact id: 'd699fa2fcc5eb4775356ad970cfa49ff') in 2.547489 seconds 
========================================================================
Received Import Request.
  Time since last request: 33.121739 seconds.
  path: Assets/Terrain/Structures/Extended/Low LS.prefab
  artifactKey: Guid(876a8c00ec11e404e9155f3b7674e030) Importer(815301076,1909f56bfc062723c751e8b465ee728b)
Start importing Assets/Terrain/Structures/Extended/Low LS.prefab using Guid(876a8c00ec11e404e9155f3b7674e030) Importer(815301076,1909f56bfc062723c751e8b465ee728b)  -> (artifact id: '6964d695b12e6114121d7cd236be5555') in 2.402811 seconds 
========================================================================
Received Import Request.
  Time since last request: 32.149628 seconds.
  path: Assets/Terrain/Structures/Extended/Low LS.prefab
  artifactKey: Guid(876a8c00ec11e404e9155f3b7674e030) Importer(815301076,1909f56bfc062723c751e8b465ee728b)
Start importing Assets/Terrain/Structures/Extended/Low LS.prefab using Guid(876a8c00ec11e404e9155f3b7674e030) Importer(815301076,1909f56bfc062723c751e8b465ee728b)  -> (artifact id: '2ecea52a8ae086e93afa4accaad2cce0') in 2.254404 seconds 
========================================================================
Received Import Request.
  Time since last request: 39.050233 seconds.
  path: Assets/Terrain/Sprites/CL 2.prefab
  artifactKey: Guid(a83b4e4cab021e44ababad8b601ab66a) Importer(815301076,1909f56bfc062723c751e8b465ee728b)
Start importing Assets/Terrain/Sprites/CL 2.prefab using Guid(a83b4e4cab021e44ababad8b601ab66a) Importer(815301076,1909f56bfc062723c751e8b465ee728b)  -> (artifact id: '654d2509cbbf74dafdbce8db48d593b2') in 0.242291 seconds 
========================================================================
Received Import Request.
  Time since last request: 0.000035 seconds.
  path: Assets/Terrain/Sprites/CL 5.prefab
  artifactKey: Guid(3efb6de7ebdf1f744bff77c902e7453e) Importer(815301076,1909f56bfc062723c751e8b465ee728b)
Start importing Assets/Terrain/Sprites/CL 5.prefab using Guid(3efb6de7ebdf1f744bff77c902e7453e) Importer(815301076,1909f56bfc062723c751e8b465ee728b)  -> (artifact id: 'c7ccf1615458539a1fac6d1eaef8de9f') in 0.141818 seconds 
========================================================================
Received Import Request.
  Time since last request: 3.982801 seconds.
  path: Assets/Terrain/S C Light/SCL 2.prefab
  artifactKey: Guid(6080209922210d44cbd6fa48b112ed5a) Importer(815301076,1909f56bfc062723c751e8b465ee728b)
Start importing Assets/Terrain/S C Light/SCL 2.prefab using Guid(6080209922210d44cbd6fa48b112ed5a) Importer(815301076,1909f56bfc062723c751e8b465ee728b)  -> (artifact id: 'fa7806eb2de86f8d37611d28d8f56cba') in 0.564569 seconds 
========================================================================
Received Import Request.
  Time since last request: 0.000033 seconds.
  path: Assets/Terrain/S C Light/SCL 4.prefab
  artifactKey: Guid(bcec0f0a28bbdbf44aa832af220d8a8e) Importer(815301076,1909f56bfc062723c751e8b465ee728b)
Start importing Assets/Terrain/S C Light/SCL 4.prefab using Guid(bcec0f0a28bbdbf44aa832af220d8a8e) Importer(815301076,1909f56bfc062723c751e8b465ee728b)  -> (artifact id: '5994a11ca38fc76189b4b87109c832fa') in 0.538638 seconds 
========================================================================
Received Import Request.
  Time since last request: 4.560140 seconds.
  path: Assets/Terrain/Sprite Comp/SC 2.prefab
  artifactKey: Guid(70ecf2c7b58726642a3088993bfbbabe) Importer(815301076,1909f56bfc062723c751e8b465ee728b)
Start importing Assets/Terrain/Sprite Comp/SC 2.prefab using Guid(70ecf2c7b58726642a3088993bfbbabe) Importer(815301076,1909f56bfc062723c751e8b465ee728b)  -> (artifact id: '7d334ee617073fd9fc11a89ef898eca9') in 0.044021 seconds 
========================================================================
Received Import Request.
  Time since last request: 0.000536 seconds.
  path: Assets/Terrain/Sprite Comp/SC 5.prefab
  artifactKey: Guid(96ccad4247cffe34492cbe201d51d57f) Importer(815301076,1909f56bfc062723c751e8b465ee728b)
Start importing Assets/Terrain/Sprite Comp/SC 5.prefab using Guid(96ccad4247cffe34492cbe201d51d57f) Importer(815301076,1909f56bfc062723c751e8b465ee728b)  -> (artifact id: 'd9beab309ab8dbcfff6260b1f9ff61bb') in 0.038086 seconds 
========================================================================
Received Import Request.
  Time since last request: 878.448592 seconds.
  path: Assets/AntiLAg/High LS 1 (2).prefab
  artifactKey: Guid(599f6b3b809f1c74b88ddacb7a07cb36) Importer(815301076,1909f56bfc062723c751e8b465ee728b)
Start importing Assets/AntiLAg/High LS 1 (2).prefab using Guid(599f6b3b809f1c74b88ddacb7a07cb36) Importer(815301076,1909f56bfc062723c751e8b465ee728b)  -> (artifact id: '610e11137652c04be3de983034065d54') in 2.765532 seconds 
========================================================================
Received Import Request.
  Time since last request: 0.000044 seconds.
  path: Assets/AntiLAg/High LS 1.prefab
  artifactKey: Guid(ccadfaf841a54e84b99b38e8facabbbf) Importer(815301076,1909f56bfc062723c751e8b465ee728b)
Start importing Assets/AntiLAg/High LS 1.prefab using Guid(ccadfaf841a54e84b99b38e8facabbbf) Importer(815301076,1909f56bfc062723c751e8b465ee728b)  -> (artifact id: '92930d985ff54ce4bbf1e124762d8219') in 2.451273 seconds 
========================================================================
Received Import Request.
  Time since last request: 0.000045 seconds.
  path: Assets/AntiLAg/High LS 1 (5).prefab
  artifactKey: Guid(fc5ecf5449704834987a2eecde583fee) Importer(815301076,1909f56bfc062723c751e8b465ee728b)
Start importing Assets/AntiLAg/High LS 1 (5).prefab using Guid(fc5ecf5449704834987a2eecde583fee) Importer(815301076,1909f56bfc062723c751e8b465ee728b)  -> (artifact id: '60dc6a48fc31a1b0e4290801c317061b') in 2.450988 seconds 
========================================================================
Received Import Request.
  Time since last request: 0.000035 seconds.
  path: Assets/AntiLAg/High LS 1 (4).prefab
  artifactKey: Guid(c62347a1f11259d43b8d3b1dae097eb0) Importer(815301076,1909f56bfc062723c751e8b465ee728b)
Start importing Assets/AntiLAg/High LS 1 (4).prefab using Guid(c62347a1f11259d43b8d3b1dae097eb0) Importer(815301076,1909f56bfc062723c751e8b465ee728b)  -> (artifact id: '2f9d1181e9f883491d31da76d4904d24') in 2.650401 seconds 
========================================================================
Received Import Request.
  Time since last request: 0.000052 seconds.
  path: Assets/AntiLAg/High LS 1 (3).prefab
  artifactKey: Guid(b3cbb113757422f4183c8920e1568401) Importer(815301076,1909f56bfc062723c751e8b465ee728b)
Start importing Assets/AntiLAg/High LS 1 (3).prefab using Guid(b3cbb113757422f4183c8920e1568401) Importer(815301076,1909f56bfc062723c751e8b465ee728b)  -> (artifact id: 'b592d3aa8e828e6a9562764d447eb267') in 2.462717 seconds 
Editor requested this worker to shutdown with reason: Scaling down because of idle timeout
AssetImportWorkerClient::OnTransportError - code=2 error=End of file
AssetImportWorker is now disconnected from the server
Process exiting
Exiting without the bug reporter. Application will terminate with return code 0